<?xml version="1.0" encoding="UTF-8"?>
<!-- Generated by org.testng.reporters.JUnitReportReporter -->
<testsuite skipped="0" hostname="Zoravar" name="QaClickacadamy.RestAPITest" tests="2" failures="0" timestamp="2019-01-27T02:32:45 IST" time="0.001" errors="0">
  <testcase name="ElementRest" time="0.001" classname="QaClickacadamy.RestAPITest"/>
  <testcase name="BrowserRest" time="0.000" classname="QaClickacadamy.RestAPITest"/>
</testsuite> <!-- QaClickacadamy.RestAPITest -->
