<?xml version="1.0" encoding="UTF-8"?>
<!-- Generated by org.testng.reporters.JUnitReportReporter -->
<testsuite skipped="0" hostname="Zoravar" name="QaClickacadamy.AppiumTest" tests="2" failures="0" timestamp="2019-01-27T02:32:45 IST" time="0.015" errors="0">
  <testcase name="BrowserAppium" time="0.013" classname="QaClickacadamy.AppiumTest"/>
  <testcase name="ElementAppium" time="0.002" classname="QaClickacadamy.AppiumTest"/>
</testsuite> <!-- QaClickacadamy.AppiumTest -->
