<?xml version="1.0" encoding="UTF-8"?>
<!-- Generated by org.testng.reporters.JUnitReportReporter -->
<testsuite skipped="0" hostname="Zoravar" name="QaClickacadamy.SeleniumTest" tests="2" failures="0" timestamp="2019-01-27T02:33:49 IST" time="9.969" errors="0">
  <testcase name="BrowserSelenium" time="9.969" classname="QaClickacadamy.SeleniumTest"/>
  <testcase name="ElementSelenium" time="0.000" classname="QaClickacadamy.SeleniumTest"/>
</testsuite> <!-- QaClickacadamy.SeleniumTest -->
